running egg_info
creating ../../build/pendulum_sim/pendulum_sim.egg-info
writing ../../build/pendulum_sim/pendulum_sim.egg-info/PKG-INFO
writing dependency_links to ../../build/pendulum_sim/pendulum_sim.egg-info/dependency_links.txt
writing entry points to ../../build/pendulum_sim/pendulum_sim.egg-info/entry_points.txt
writing requirements to ../../build/pendulum_sim/pendulum_sim.egg-info/requires.txt
writing top-level names to ../../build/pendulum_sim/pendulum_sim.egg-info/top_level.txt
writing manifest file '../../build/pendulum_sim/pendulum_sim.egg-info/SOURCES.txt'
reading manifest file '../../build/pendulum_sim/pendulum_sim.egg-info/SOURCES.txt'
writing manifest file '../../build/pendulum_sim/pendulum_sim.egg-info/SOURCES.txt'
running build
running build_py
creating /home/eniya/ros2_ws/build/pendulum_sim/build
creating /home/eniya/ros2_ws/build/pendulum_sim/build/lib
creating /home/eniya/ros2_ws/build/pendulum_sim/build/lib/pendulum_sim
copying pendulum_sim/pendulum_sim_node.py -> /home/eniya/ros2_ws/build/pendulum_sim/build/lib/pendulum_sim
copying pendulum_sim/__init__.py -> /home/eniya/ros2_ws/build/pendulum_sim/build/lib/pendulum_sim
running install
running install_lib
creating /home/eniya/ros2_ws/install/pendulum_sim/lib/python3.10/site-packages/pendulum_sim
copying /home/eniya/ros2_ws/build/pendulum_sim/build/lib/pendulum_sim/pendulum_sim_node.py -> /home/eniya/ros2_ws/install/pendulum_sim/lib/python3.10/site-packages/pendulum_sim
copying /home/eniya/ros2_ws/build/pendulum_sim/build/lib/pendulum_sim/__init__.py -> /home/eniya/ros2_ws/install/pendulum_sim/lib/python3.10/site-packages/pendulum_sim
byte-compiling /home/eniya/ros2_ws/install/pendulum_sim/lib/python3.10/site-packages/pendulum_sim/pendulum_sim_node.py to pendulum_sim_node.cpython-310.pyc
byte-compiling /home/eniya/ros2_ws/install/pendulum_sim/lib/python3.10/site-packages/pendulum_sim/__init__.py to __init__.cpython-310.pyc
Sorry: IndentationError: expected an indented block after class definition on line 8 (pendulum_sim_node.py, line 10)
running install_data
creating /home/eniya/ros2_ws/install/pendulum_sim/share/ament_index
creating /home/eniya/ros2_ws/install/pendulum_sim/share/ament_index/resource_index
creating /home/eniya/ros2_ws/install/pendulum_sim/share/ament_index/resource_index/packages
copying resource/pendulum_sim -> /home/eniya/ros2_ws/install/pendulum_sim/share/ament_index/resource_index/packages
copying package.xml -> /home/eniya/ros2_ws/install/pendulum_sim/share/pendulum_sim
running install_egg_info
Copying ../../build/pendulum_sim/pendulum_sim.egg-info to /home/eniya/ros2_ws/install/pendulum_sim/lib/python3.10/site-packages/pendulum_sim-0.0.0-py3.10.egg-info
running install_scripts
writing list of installed files to '/home/eniya/ros2_ws/build/pendulum_sim/install.log'
