[0.400s] Invoking command in '/home/eniya/ros2_ws/src/pendulum_sim': PYTHONPATH=/home/eniya/ros2_ws/build/pendulum_sim/prefix_override:/usr/lib/python3/dist-packages/colcon_core/task/python/colcon_distutils_commands:/home/eniya/ros2_ws/install/pendulum_sim/lib/python3.10/site-packages:${PYTHONPATH} /usr/bin/python3 -W ignore:setup.py install is deprecated -W ignore:easy_install command is deprecated setup.py egg_info --egg-base ../../build/pendulum_sim build --build-base /home/eniya/ros2_ws/build/pendulum_sim/build install --record /home/eniya/ros2_ws/build/pendulum_sim/install.log --single-version-externally-managed install_data
[0.564s] running egg_info
[0.565s] writing ../../build/pendulum_sim/pendulum_sim.egg-info/PKG-INFO
[0.565s] writing dependency_links to ../../build/pendulum_sim/pendulum_sim.egg-info/dependency_links.txt
[0.565s] writing entry points to ../../build/pendulum_sim/pendulum_sim.egg-info/entry_points.txt
[0.565s] writing requirements to ../../build/pendulum_sim/pendulum_sim.egg-info/requires.txt
[0.565s] writing top-level names to ../../build/pendulum_sim/pendulum_sim.egg-info/top_level.txt
[0.566s] reading manifest file '../../build/pendulum_sim/pendulum_sim.egg-info/SOURCES.txt'
[0.567s] writing manifest file '../../build/pendulum_sim/pendulum_sim.egg-info/SOURCES.txt'
[0.567s] running build
[0.567s] running build_py
[0.567s] copying pendulum_sim/controller_node.py -> /home/eniya/ros2_ws/build/pendulum_sim/build/lib/pendulum_sim
[0.567s] running install
[0.568s] running install_lib
[0.568s] copying /home/eniya/ros2_ws/build/pendulum_sim/build/lib/pendulum_sim/controller_node.py -> /home/eniya/ros2_ws/install/pendulum_sim/lib/python3.10/site-packages/pendulum_sim
[0.568s] byte-compiling /home/eniya/ros2_ws/install/pendulum_sim/lib/python3.10/site-packages/pendulum_sim/controller_node.py to controller_node.cpython-310.pyc
[0.569s] running install_data
[0.569s] running install_egg_info
[0.571s] removing '/home/eniya/ros2_ws/install/pendulum_sim/lib/python3.10/site-packages/pendulum_sim-0.0.0-py3.10.egg-info' (and everything under it)
[0.571s] Copying ../../build/pendulum_sim/pendulum_sim.egg-info to /home/eniya/ros2_ws/install/pendulum_sim/lib/python3.10/site-packages/pendulum_sim-0.0.0-py3.10.egg-info
[0.571s] running install_scripts
[0.586s] Installing controller_node script to /home/eniya/ros2_ws/install/pendulum_sim/lib/pendulum_sim
[0.586s] Installing pendulum_sim_node script to /home/eniya/ros2_ws/install/pendulum_sim/lib/pendulum_sim
[0.586s] writing list of installed files to '/home/eniya/ros2_ws/build/pendulum_sim/install.log'
[0.604s] Invoked command in '/home/eniya/ros2_ws/src/pendulum_sim' returned '0': PYTHONPATH=/home/eniya/ros2_ws/build/pendulum_sim/prefix_override:/usr/lib/python3/dist-packages/colcon_core/task/python/colcon_distutils_commands:/home/eniya/ros2_ws/install/pendulum_sim/lib/python3.10/site-packages:${PYTHONPATH} /usr/bin/python3 -W ignore:setup.py install is deprecated -W ignore:easy_install command is deprecated setup.py egg_info --egg-base ../../build/pendulum_sim build --build-base /home/eniya/ros2_ws/build/pendulum_sim/build install --record /home/eniya/ros2_ws/build/pendulum_sim/install.log --single-version-externally-managed install_data
