running egg_info
writing ../../build/pendulum_sim/pendulum_sim.egg-info/PKG-INFO
writing dependency_links to ../../build/pendulum_sim/pendulum_sim.egg-info/dependency_links.txt
writing entry points to ../../build/pendulum_sim/pendulum_sim.egg-info/entry_points.txt
writing requirements to ../../build/pendulum_sim/pendulum_sim.egg-info/requires.txt
writing top-level names to ../../build/pendulum_sim/pendulum_sim.egg-info/top_level.txt
reading manifest file '../../build/pendulum_sim/pendulum_sim.egg-info/SOURCES.txt'
writing manifest file '../../build/pendulum_sim/pendulum_sim.egg-info/SOURCES.txt'
running build
running build_py
copying pendulum_sim/pendulum_sim_node.py -> /home/eniya/ros2_ws/build/pendulum_sim/build/lib/pendulum_sim
running install
running install_lib
copying /home/eniya/ros2_ws/build/pendulum_sim/build/lib/pendulum_sim/pendulum_sim_node.py -> /home/eniya/ros2_ws/install/pendulum_sim/lib/python3.10/site-packages/pendulum_sim
byte-compiling /home/eniya/ros2_ws/install/pendulum_sim/lib/python3.10/site-packages/pendulum_sim/pendulum_sim_node.py to pendulum_sim_node.cpython-310.pyc
running install_data
running install_egg_info
removing '/home/eniya/ros2_ws/install/pendulum_sim/lib/python3.10/site-packages/pendulum_sim-0.0.0-py3.10.egg-info' (and everything under it)
Copying ../../build/pendulum_sim/pendulum_sim.egg-info to /home/eniya/ros2_ws/install/pendulum_sim/lib/python3.10/site-packages/pendulum_sim-0.0.0-py3.10.egg-info
running install_scripts
writing list of installed files to '/home/eniya/ros2_ws/build/pendulum_sim/install.log'
